<?xml version="1.0" encoding="UTF-8"?>
<!-- Generated by org.testng.reporters.JUnitXMLReporter -->
<testsuite ignored="0" hostname="MI-NOTEBOOK-14" failures="0" tests="2" name="Default test" time="55.951" errors="0" timestamp="2025-03-14T16:25:18 IST">
  <testcase classname="io.cucumber.testng.AbstractTestNGCucumberTests" name="runScenario" time="26.786"/>
  <testcase classname="io.cucumber.testng.AbstractTestNGCucumberTests" name="runScenario" time="26.011"/>
</testsuite> <!-- Default test -->
